Using pre-set license
Built from '2021.3/china_unity/release' branch; Version is '2021.3.8f1c1 (c20728c1e961) revision 12715816'; Using compiler version '192829333'; Build Type 'Release'
OS: 'Windows 10  (10.0.19045) 64bit CoreCountrySpecific' Language: 'zh' Physical Memory: 32605 MB
BatchMode: 1, IsHumanControllingUs: 0, StartBugReporterOnCrash: 0, Is64bit: 1, IsPro: 1

COMMAND LINE ARGUMENTS:
D:\Unity\Hub\Editor\2019.4.17f1c1\2021.3.8f1c1\Editor\Unity.exe
-adb2
-batchMode
-noUpm
-name
AssetImportWorker2
-projectPath
E:/learning/unity/Project/LearnLuaBag
-logFile
Logs/AssetImportWorker2.log
-srvPort
52684
Successfully changed project path to: E:/learning/unity/Project/LearnLuaBag
E:/learning/unity/Project/LearnLuaBag
[UnityMemory] Configuration Parameters - Can be set up in boot.config
    "memorysetup-bucket-allocator-granularity=16"
    "memorysetup-bucket-allocator-bucket-count=8"
    "memorysetup-bucket-allocator-block-size=33554432"
    "memorysetup-bucket-allocator-block-count=8"
    "memorysetup-main-allocator-block-size=16777216"
    "memorysetup-thread-allocator-block-size=16777216"
    "memorysetup-gfx-main-allocator-block-size=16777216"
    "memorysetup-gfx-thread-allocator-block-size=16777216"
    "memorysetup-cache-allocator-block-size=4194304"
    "memorysetup-typetree-allocator-block-size=2097152"
    "memorysetup-profiler-bucket-allocator-granularity=16"
    "memorysetup-profiler-bucket-allocator-bucket-count=8"
    "memorysetup-profiler-bucket-allocator-block-size=33554432"
    "memorysetup-profiler-bucket-allocator-block-count=8"
    "memorysetup-profiler-allocator-block-size=16777216"
    "memorysetup-profiler-editor-allocator-block-size=1048576"
    "memorysetup-temp-allocator-size-main=16777216"
    "memorysetup-job-temp-allocator-block-size=2097152"
    "memorysetup-job-temp-allocator-block-size-background=1048576"
    "memorysetup-job-temp-allocator-reduction-small-platforms=262144"
    "memorysetup-temp-allocator-size-background-worker=32768"
    "memorysetup-temp-allocator-size-job-worker=262144"
    "memorysetup-temp-allocator-size-preload-manager=33554432"
    "memorysetup-temp-allocator-size-nav-mesh-worker=65536"
    "memorysetup-temp-allocator-size-audio-worker=65536"
    "memorysetup-temp-allocator-size-cloud-worker=32768"
    "memorysetup-temp-allocator-size-gi-baking-worker=262144"
    "memorysetup-temp-allocator-size-gfx=262144"
AS: AutoStreaming module initializing.
Refreshing native plugins compatible for Editor in 103.41 ms, found 4 plugins.
Preloading 0 native plugins for Editor in 0.00 ms.
Initialize engine version: 2021.3.8f1c1 (c20728c1e961)
[Subsystems] Discovering subsystems at path D:/Unity/Hub/Editor/2019.4.17f1c1/2021.3.8f1c1/Editor/Data/Resources/UnitySubsystems
[Subsystems] Discovering subsystems at path E:/learning/unity/Project/LearnLuaBag/Assets
GfxDevice: creating device client; threaded=0; jobified=0
Direct3D:
    Version:  Direct3D 11.0 [level 11.1]
    Renderer: NVIDIA GeForce RTX 2070 (ID=0x1f14)
    Vendor:   NVIDIA
    VRAM:     8031 MB
    Driver:   30.0.15.1278
Initialize mono
Mono path[0] = 'D:/Unity/Hub/Editor/2019.4.17f1c1/2021.3.8f1c1/Editor/Data/Managed'
Mono path[1] = 'D:/Unity/Hub/Editor/2019.4.17f1c1/2021.3.8f1c1/Editor/Data/MonoBleedingEdge/lib/mono/unityjit-win32'
Mono config path = 'D:/Unity/Hub/Editor/2019.4.17f1c1/2021.3.8f1c1/Editor/Data/MonoBleedingEdge/etc'
Using monoOptions --debugger-agent=transport=dt_socket,embedding=1,server=y,suspend=n,address=127.0.0.1:56428
Begin MonoManager ReloadAssembly
Registering precompiled unity dll's ...
Register platform support module: D:/Unity/Hub/Editor/2019.4.17f1c1/2021.3.8f1c1/Editor/Data/PlaybackEngines/WindowsStandaloneSupport/UnityEditor.WindowsStandalone.Extensions.dll
Registered in 0.005285 seconds.
Native extension for WindowsStandalone target not found
Refreshing native plugins compatible for Editor in 96.08 ms, found 4 plugins.
Preloading 0 native plugins for Editor in 0.00 ms.
Mono: successfully reloaded assembly
- Completed reload, in  0.649 seconds
Domain Reload Profiling:
	ReloadAssembly (649ms)
		BeginReloadAssembly (74ms)
			ExecutionOrderSort (0ms)
			DisableScriptedObjects (0ms)
			BackupInstance (0ms)
			ReleaseScriptingObjects (0ms)
			CreateAndSetChildDomain (1ms)
		EndReloadAssembly (464ms)
			LoadAssemblies (71ms)
			RebuildTransferFunctionScriptingTraits (0ms)
			SetupTypeCache (103ms)
			ReleaseScriptCaches (0ms)
			RebuildScriptCaches (30ms)
			SetupLoadedEditorAssemblies (278ms)
				LogAssemblyErrors (0ms)
				InitializePlatformSupportModulesInManaged (7ms)
				SetLoadedEditorAssemblies (0ms)
				RefreshPlugins (96ms)
				BeforeProcessingInitializeOnLoad (1ms)
				ProcessInitializeOnLoadAttributes (123ms)
				ProcessInitializeOnLoadMethodAttributes (49ms)
				AfterProcessingInitializeOnLoad (0ms)
				EditorAssembliesLoaded (0ms)
			ExecutionOrderSort2 (0ms)
			AwakeInstancesAfterBackupRestoration (0ms)
Platform modules already initialized, skipping
Registering precompiled user dll's ...
Registered in 0.009374 seconds.
Begin MonoManager ReloadAssembly
Symbol file LoadedFromMemory doesn't match image E:\learning\unity\Project\LearnLuaBag\Library\PackageCache\com.unity.visualscripting@1.7.8\Editor\VisualScripting.Core\Dependencies\YamlDotNet\Unity.VisualScripting.YamlDotNet.dll
Symbol file LoadedFromMemory doesn't match image E:\learning\unity\Project\LearnLuaBag\Library\PackageCache\com.unity.visualscripting@1.7.8\Editor\VisualScripting.Core\Dependencies\DotNetZip\Unity.VisualScripting.IonicZip.dll
Native extension for WindowsStandalone target not found
Refreshing native plugins compatible for Editor in 0.76 ms, found 4 plugins.
Preloading 0 native plugins for Editor in 0.00 ms.
Mono: successfully reloaded assembly
- Completed reload, in  1.179 seconds
Domain Reload Profiling:
	ReloadAssembly (1180ms)
		BeginReloadAssembly (110ms)
			ExecutionOrderSort (0ms)
			DisableScriptedObjects (6ms)
			BackupInstance (0ms)
			ReleaseScriptingObjects (0ms)
			CreateAndSetChildDomain (18ms)
		EndReloadAssembly (952ms)
			LoadAssemblies (79ms)
			RebuildTransferFunctionScriptingTraits (0ms)
			SetupTypeCache (265ms)
			ReleaseScriptCaches (1ms)
			RebuildScriptCaches (55ms)
			SetupLoadedEditorAssemblies (507ms)
				LogAssemblyErrors (0ms)
				InitializePlatformSupportModulesInManaged (6ms)
				SetLoadedEditorAssemblies (1ms)
				RefreshPlugins (1ms)
				BeforeProcessingInitializeOnLoad (99ms)
				ProcessInitializeOnLoadAttributes (361ms)
				ProcessInitializeOnLoadMethodAttributes (30ms)
				AfterProcessingInitializeOnLoad (9ms)
				EditorAssembliesLoaded (0ms)
			ExecutionOrderSort2 (0ms)
			AwakeInstancesAfterBackupRestoration (6ms)
Platform modules already initialized, skipping
========================================================================
Worker process is ready to serve import requests
Launched and connected shader compiler UnityShaderCompiler.exe after 0.04 seconds
Refreshing native plugins compatible for Editor in 1.57 ms, found 4 plugins.
Preloading 0 native plugins for Editor in 0.00 ms.
Unloading 3575 Unused Serialized files (Serialized files now loaded: 0)
Unloading 43 unused Assets / (111.6 KB). Loaded Objects now: 4018.
Memory consumption went from 127.4 MB to 127.3 MB.
Total: 2.819600 ms (FindLiveObjects: 0.283100 ms CreateObjectMapping: 0.265400 ms MarkObjects: 2.170200 ms  DeleteObjects: 0.100300 ms)

AssetImportParameters requested are different than current active one (requested -> active):
  custom:video-decoder-ogg-theora: a1e56fd34408186e4bbccfd4996cb3dc -> 
  custom:container-muxer-webm: aa71ff27fc2769a1b78a27578f13a17b -> 
  custom:container-demuxer-webm: 4f35f7cbe854078d1ac9338744f61a02 -> 
  custom:video-encoder-webm-vp8: eb34c28f22e8b96e1ab97ce403110664 -> 
  custom:audio-encoder-webm-vorbis: bf7c407c2cedff20999df2af8eb42d56 -> 
  custom:framework-win-MediaFoundation: 216162199b28c13a410421893ffa2e32 -> 
  custom:container-demuxer-ogg: 62fdf1f143b41e24485cea50d1cbac27 -> 
  custom:video-decoder-webm-vp8: 9c59270c3fd7afecdb556c50c9e8de78 -> 
  custom:audio-decoder-ogg-vorbis: bf7c407c2cedff20999df2af8eb42d56 -> 
========================================================================
Received Import Request.
  Time since last request: 1181933.727339 seconds.
  path: Assets/LuaTxt/JsonUtility.lua.txt
  artifactKey: Guid(6bb3482c61c549a43bee6b99231fc055) Importer(815301076,1909f56bfc062723c751e8b465ee728b)
Start importing Assets/LuaTxt/JsonUtility.lua.txt using Guid(6bb3482c61c549a43bee6b99231fc055) Importer(815301076,1909f56bfc062723c751e8b465ee728b)  -> (artifact id: '7cd1bd66779e569fde65d2f4d65f11a6') in 0.044949 seconds 
========================================================================
Received Import Request.
  Time since last request: 0.535616 seconds.
  path: Assets/LuaTxt/Main.lua.txt
  artifactKey: Guid(52026487b34176b4f9ec877ed5c56a58) Importer(815301076,1909f56bfc062723c751e8b465ee728b)
Start importing Assets/LuaTxt/Main.lua.txt using Guid(52026487b34176b4f9ec877ed5c56a58) Importer(815301076,1909f56bfc062723c751e8b465ee728b)  -> (artifact id: '4437d52d56d0639ea62184f25f5e913f') in 0.010737 seconds 
========================================================================
Received Import Request.
  Time since last request: 7.302816 seconds.
  path: Assets/LuaTxt/Object.lua.txt
  artifactKey: Guid(1ca6d3b101a81834f8862b3ad1ffc7f2) Importer(815301076,1909f56bfc062723c751e8b465ee728b)
Start importing Assets/LuaTxt/Object.lua.txt using Guid(1ca6d3b101a81834f8862b3ad1ffc7f2) Importer(815301076,1909f56bfc062723c751e8b465ee728b)  -> (artifact id: 'e9c0d757f45a6e2bb0fba76ec18e4cd3') in 0.010436 seconds 
========================================================================
Received Import Request.
  Time since last request: 1.184073 seconds.
  path: Assets/LuaTxt/ItemGrid.lua.txt
  artifactKey: Guid(6cbbc21d37ecec444bd436eb3fdfc0a7) Importer(815301076,1909f56bfc062723c751e8b465ee728b)
Start importing Assets/LuaTxt/ItemGrid.lua.txt using Guid(6cbbc21d37ecec444bd436eb3fdfc0a7) Importer(815301076,1909f56bfc062723c751e8b465ee728b)  -> (artifact id: '241ef7c549c5e0519b62aeb50c3e532b') in 0.010530 seconds 
========================================================================
Received Import Request.
  Time since last request: 3.959797 seconds.
  path: Assets/LuaTxt/MainPanel.lua.txt
  artifactKey: Guid(226bef331aa232a4cbc89a12f81d54fc) Importer(815301076,1909f56bfc062723c751e8b465ee728b)
Start importing Assets/LuaTxt/MainPanel.lua.txt using Guid(226bef331aa232a4cbc89a12f81d54fc) Importer(815301076,1909f56bfc062723c751e8b465ee728b)  -> (artifact id: 'ce4a61721564e4c5bce187a32c4ad51f') in 0.010673 seconds 
========================================================================
Received Import Request.
  Time since last request: 28.108277 seconds.
  path: Assets/Scripts/Base
  artifactKey: Guid(dc8db86d6f245164ab5810bc71a79c17) Importer(815301076,1909f56bfc062723c751e8b465ee728b)
Start importing Assets/Scripts/Base using Guid(dc8db86d6f245164ab5810bc71a79c17) Importer(815301076,1909f56bfc062723c751e8b465ee728b)  -> (artifact id: '13d7da6cfb03be981126e3cec2cc9ea7') in 0.009934 seconds 
========================================================================
Received Import Request.
  Time since last request: 563.139428 seconds.
  path: Assets/Scripts/Base/BaseManager.cs
  artifactKey: Guid(cb04e667e837b8e438c44c8e7b2bf9b7) Importer(815301076,1909f56bfc062723c751e8b465ee728b)
Start importing Assets/Scripts/Base/BaseManager.cs using Guid(cb04e667e837b8e438c44c8e7b2bf9b7) Importer(815301076,1909f56bfc062723c751e8b465ee728b)  -> (artifact id: '42da63c5aa08b0d6b8b4533112d437a7') in 0.012826 seconds 
========================================================================
Received Import Request.
  Time since last request: 0.836325 seconds.
  path: Assets/Scripts/Base/SingletonAutoMono.cs
  artifactKey: Guid(a333d02bd565e404bb805013c41b18f0) Importer(815301076,1909f56bfc062723c751e8b465ee728b)
Start importing Assets/Scripts/Base/SingletonAutoMono.cs using Guid(a333d02bd565e404bb805013c41b18f0) Importer(815301076,1909f56bfc062723c751e8b465ee728b)  -> (artifact id: 'b261bfd8e9896149b615fc93de855ae2') in 0.010502 seconds 
========================================================================
Received Import Request.
  Time since last request: 500.182601 seconds.
  path: Assets/Editor/LuaCopyEditor.cs
  artifactKey: Guid(2c8fd69e109ee0c48bcbe815335f6139) Importer(815301076,1909f56bfc062723c751e8b465ee728b)
Start importing Assets/Editor/LuaCopyEditor.cs using Guid(2c8fd69e109ee0c48bcbe815335f6139) Importer(815301076,1909f56bfc062723c751e8b465ee728b)  -> (artifact id: 'e6ebc74bca187a0b7a665f1f96dfe9a9') in 0.013683 seconds 
========================================================================
Received Import Request.
  Time since last request: 10.092761 seconds.
  path: Assets/XLua
  artifactKey: Guid(80f10ac98dc1e364faf104969a38b451) Importer(815301076,1909f56bfc062723c751e8b465ee728b)
Start importing Assets/XLua using Guid(80f10ac98dc1e364faf104969a38b451) Importer(815301076,1909f56bfc062723c751e8b465ee728b)  -> (artifact id: 'dfa0bc56d018107aa13a76645be131df') in 0.009722 seconds 
========================================================================
Received Import Request.
  Time since last request: 3.514666 seconds.
  path: Assets/TextMesh Pro
  artifactKey: Guid(f54d1bd14bd3ca042bd867b519fee8cc) Importer(815301076,1909f56bfc062723c751e8b465ee728b)
Start importing Assets/TextMesh Pro using Guid(f54d1bd14bd3ca042bd867b519fee8cc) Importer(815301076,1909f56bfc062723c751e8b465ee728b)  -> (artifact id: 'f5648c5ef36b7beab651a001a8d08867') in 0.009928 seconds 
========================================================================
Received Import Request.
  Time since last request: 1283.364118 seconds.
  path: Assets/Lua/SplitTools.lua
  artifactKey: Guid(c55736f589e1ae44bb409bb074c523f0) Importer(815301076,1909f56bfc062723c751e8b465ee728b)
Start importing Assets/Lua/SplitTools.lua using Guid(c55736f589e1ae44bb409bb074c523f0) Importer(815301076,1909f56bfc062723c751e8b465ee728b)  -> (artifact id: 'b9e3832882e820d1058f878d8463ceb4') in 0.015753 seconds 
========================================================================
Received Import Request.
  Time since last request: 1.366424 seconds.
  path: Assets/LuaTxt/InitClass.lua.txt
  artifactKey: Guid(60b861dae3584a748be00cfc3790755a) Importer(815301076,1909f56bfc062723c751e8b465ee728b)
Start importing Assets/LuaTxt/InitClass.lua.txt using Guid(60b861dae3584a748be00cfc3790755a) Importer(815301076,1909f56bfc062723c751e8b465ee728b)  -> (artifact id: '53666202832072eb5d65d0ace6754932') in 0.010432 seconds 
========================================================================
Received Prepare
Registering precompiled user dll's ...
Registered in 0.011488 seconds.
Begin MonoManager ReloadAssembly
Symbol file LoadedFromMemory doesn't match image E:\learning\unity\Project\LearnLuaBag\Library\PackageCache\com.unity.visualscripting@1.7.8\Editor\VisualScripting.Core\Dependencies\YamlDotNet\Unity.VisualScripting.YamlDotNet.dll
Symbol file LoadedFromMemory doesn't match image E:\learning\unity\Project\LearnLuaBag\Library\PackageCache\com.unity.visualscripting@1.7.8\Editor\VisualScripting.Core\Dependencies\DotNetZip\Unity.VisualScripting.IonicZip.dll
Native extension for WindowsStandalone target not found
Refreshing native plugins compatible for Editor in 1.66 ms, found 4 plugins.
Preloading 0 native plugins for Editor in 0.00 ms.
Mono: successfully reloaded assembly
- Completed reload, in  1.458 seconds
Domain Reload Profiling:
	ReloadAssembly (1460ms)
		BeginReloadAssembly (274ms)
			ExecutionOrderSort (0ms)
			DisableScriptedObjects (13ms)
			BackupInstance (0ms)
			ReleaseScriptingObjects (0ms)
			CreateAndSetChildDomain (95ms)
		EndReloadAssembly (1050ms)
			LoadAssemblies (116ms)
			RebuildTransferFunctionScriptingTraits (0ms)
			SetupTypeCache (387ms)
			ReleaseScriptCaches (1ms)
			RebuildScriptCaches (58ms)
			SetupLoadedEditorAssemblies (434ms)
				LogAssemblyErrors (0ms)
				InitializePlatformSupportModulesInManaged (17ms)
				SetLoadedEditorAssemblies (1ms)
				RefreshPlugins (2ms)
				BeforeProcessingInitializeOnLoad (103ms)
				ProcessInitializeOnLoadAttributes (263ms)
				ProcessInitializeOnLoadMethodAttributes (37ms)
				AfterProcessingInitializeOnLoad (12ms)
				EditorAssembliesLoaded (0ms)
			ExecutionOrderSort2 (0ms)
			AwakeInstancesAfterBackupRestoration (7ms)
Platform modules already initialized, skipping
Refreshing native plugins compatible for Editor in 8.15 ms, found 4 plugins.
Preloading 0 native plugins for Editor in 0.00 ms.
Unloading 3557 Unused Serialized files (Serialized files now loaded: 0)
Unloading 36 unused Assets / (78.9 KB). Loaded Objects now: 4022.
Memory consumption went from 126.1 MB to 126.0 MB.
Total: 4.855500 ms (FindLiveObjects: 0.390100 ms CreateObjectMapping: 0.220100 ms MarkObjects: 4.120200 ms  DeleteObjects: 0.122300 ms)

AssetImportParameters requested are different than current active one (requested -> active):
  custom:video-decoder-ogg-theora: a1e56fd34408186e4bbccfd4996cb3dc -> 
  custom:container-muxer-webm: aa71ff27fc2769a1b78a27578f13a17b -> 
  custom:container-demuxer-webm: 4f35f7cbe854078d1ac9338744f61a02 -> 
  custom:video-encoder-webm-vp8: eb34c28f22e8b96e1ab97ce403110664 -> 
  custom:audio-encoder-webm-vorbis: bf7c407c2cedff20999df2af8eb42d56 -> 
  custom:framework-win-MediaFoundation: 216162199b28c13a410421893ffa2e32 -> 
  custom:container-demuxer-ogg: 62fdf1f143b41e24485cea50d1cbac27 -> 
  custom:video-decoder-webm-vp8: 9c59270c3fd7afecdb556c50c9e8de78 -> 
  custom:audio-decoder-ogg-vorbis: bf7c407c2cedff20999df2af8eb42d56 -> 
========================================================================
Received Import Request.
  Time since last request: 12704.708646 seconds.
  path: Assets/Plugins
  artifactKey: Guid(b010cbb5617e112408b5ce08ce4fd723) Importer(815301076,1909f56bfc062723c751e8b465ee728b)
Start importing Assets/Plugins using Guid(b010cbb5617e112408b5ce08ce4fd723) Importer(815301076,1909f56bfc062723c751e8b465ee728b)  -> (artifact id: '943528ce561486305f8a38ec050add61') in 0.126257 seconds 
